
 ==============================
 S N O P T  7.7.7    (Feb 2021)
 ==============================

 SNMEMB EXIT 100 -- finished successfully
 SNMEMB INFO 104 -- memory requirements estimated

 Trial version of SNOPT -- for evaluation or academic purposes only



 Nonlinear constraints       0     Linear constraints       1
 Nonlinear variables         1     Linear variables         0
 Jacobian  variables         0     Objective variables      1
 Total constraints           1     Total variables          1



 The user has defined       1   out of       1   objective  gradients.


 Major Minors     Step   nObj Feasible  Optimal      Objective     nS
     0      1               1           7.6E-03  6.4860703E-01      1   r
     1      1  8.2E+00      4          (0.0E+00) 6.3025874E-01          r

 SNOPTC EXIT   0 -- finished successfully
 SNOPTC INFO   1 -- optimality conditions satisfied

 Problem name                 eel_kine
 No. of iterations                   2   Objective            6.3025874030E-01
 No. of major iterations             1   Linear    obj. term  0.0000000000E+00
                                         Nonlinear obj. term  6.3025874030E-01
 User function calls (total)         5
 No. of degenerate steps             0   Percentage                       0.00
 Max x                       1 1.0E-01   Max pi                      1 0.0E+00
 Max Primal infeas           0 0.0E+00   Max Dual infeas             0 0.0E+00



 Solution printed on file   9

 Time for MPS input                             0.00 seconds
 Time for solving problem                       1.50 seconds
 Time for solution output                       0.00 seconds
 Time for constraint functions                  1.50 seconds
 Time for objective function                    0.00 seconds
