
         ==============================
         S N O P T  7.7.7    (Feb 2021)
         ==============================
1

 SNMEMB EXIT 100 -- finished successfully
 SNMEMB INFO 104 -- memory requirements estimated

 Trial version of SNOPT -- for evaluation or academic purposes only
1

 Parameters
 ==========

 Files
 -----
 Solution file..........         0       Old basis file ........         0       Standard input.........         5
 Insert file............         0       New basis file ........         0       (Printer)..............         9
 Punch file.............         0       Backup basis file......         0       (Specs file)...........         0
 Load file..............         0       Dump file..............         0       Standard output........         6

 Frequencies
 -----------
 Print frequency........       100       Check frequency........        60       Save new basis map.....       100
 Summary frequency......       100       Factorization frequency        50       Expand frequency.......     10000

 QP subproblems
 --------------
 QPsolver Cholesky......
 Scale tolerance........     0.900       Minor feasibility tol..  1.00E-06       Iteration limit........     10000
 Scale option...........         0       Minor optimality  tol..  5.00E-10       Minor print level......         1
 Crash tolerance........     0.100       Pivot tolerance........  3.25E-11       New superbasics........        99
 Crash option...........         3       Elastic weight.........  1.00E+05

 Partial pricing
 ---------------
 LP Partial price.......         1       Prtl price section ( A)         3       Prtl price section (-I)         2
 QP Partial price.......         1       Prtl price section ( A)         3       Prtl price section (-I)         2

 The SQP Method
 --------------
 Minimize...............                 Cold start.............                 Proximal Point method..         1
 Nonlinear objectiv vars         3       Major optimality tol...  1.00E-09       Function precision.....  3.00E-13
 Unbounded step size....  1.00E+20       Superbasics limit......         3       Difference interval....  5.48E-07
 Unbounded objective....  1.00E+10       Reduced Hessian dim....         3       Central difference int.  6.70E-05
 Major step limit.......  2.50E-01       Derivative linesearch..                 Derivative level.......         3
 Major iterations limit.       100       Linesearch tolerance...   0.90000       Verify level...........         0
 Minor iterations limit.       500       Penalty parameter......  0.00E+00       Major Print Level......         1
 Time limit (secs)...... 9999999.0

 Hessian Approximation
 ---------------------
 Hessian full-memory....                 Hessian updates........  99999999       Hessian frequency......  99999999
                                                                                 Hessian flush..........  99999999

 Nonlinear constraints
 ---------------------
 Nonlinear constraints..         2       Major feasibility tol..  1.00E-09       Violation limit........  1.00E+06
 Nonlinear Jacobian vars         3

 Miscellaneous
 -------------
 LU factor tolerance....      3.99       LU singularity tol.....  3.25E-11       Timing level...........         3
 LU update tolerance....      3.99       LU swap tolerance......  1.22E-04       Debug level............         0
 LU partial  pivoting...                 eps (machine precision)  2.22E-16       System information.....        No
                                                                                 Sticky parameters......        No
1




 Matrix statistics
 -----------------
               Total      Normal        Free       Fixed     Bounded
 Rows              2           1           0           1           0
 Columns           3           0           0           0           3

 No. of matrix elements                    6     Density     100.000
 Biggest  constant element        0.0000E+00  (excluding fixed columns,
 Smallest constant element        0.0000E+00   free rows, and RHS)

 No. of objective coefficients             0

 Nonlinear constraints       2     Linear constraints       0
 Nonlinear variables         3     Linear variables         0
 Jacobian  variables         3     Objective variables      3
 Total constraints           2     Total variables          3
1



 The user has defined       6   out of       6   constraint gradients.
 The user has defined       3   out of       3   objective  gradients.

 Cheap test of user-supplied problem derivatives...

 The constraint gradients seem to be OK.

 -->  The largest discrepancy was    4.70E-07  in constraint     4


 The objective  gradients seem to be OK.

 Gradient projected in one direction  -1.69420119363E-04
 Difference approximation             -1.69420105651E-04
1



   Itns Major Minors    Step   nCon Feasible  Optimal  MeritFunction     L+U BSwap     nS condZHZ Penalty
      2     0      2              1  3.4E-01  1.0E+00  8.4933975E-03       3                              _  r i
      2     1      0 7.4E-04      3  3.4E-01  1.0E+00  1.9181556E+04       3                      2.8E+03 _  r i
      2     2      0 1.0E-02      5  3.4E-01  1.0E+00  1.9287003E+04       3                      2.8E+03 _  r i
      3     3      1 7.6E-01      6  9.6E-02  9.9E-01  1.8820196E+04       3            1 2.4E+05 2.8E+03 _sm li
      4     4      1 1.0E+00      7  1.1E-02  5.1E-02  1.6511575E+04       3                      2.8E+03 _    i
      4     5      0 1.0E+00      8  1.1E-02  2.9E-03  1.6171070E+04       3                      5.3E+01 _    i
      4     6      0 1.0E+00      9  1.1E-02 (2.7E-19) 1.6170990E+09       3                      1.1E+01 _    i
1

 SNOPTC EXIT  10 -- the problem appears to be infeasible
 SNOPTC INFO  13 -- nonlinear infeasibilities minimized

 Problem name                 wing_sha
 No. of iterations                   4   Objective            7.8203371462E-03
 No. of major iterations             6   Linear    obj. term  0.0000000000E+00
 Penalty parameter           1.086E+01   Nonlinear obj. term  7.8203371462E-03
 No. of infeasibilities              1   Sum of infeas        1.6170990380E-01
 Elastic weight                1.0E+10   Elastic   objective  1.6170990380E+09
 No. of infeas elastics              1   Elastic infeas       1.6170990380E-01
 User function calls (total)        10
 No. of degenerate steps             0   Percentage                       0.00
 Max x                       2 1.5E+01   Max pi                      2 1.0E+10
 Max Primal infeas           5 1.6E-01   Max Dual infeas             2 2.3E-04
 Nonlinear constraint violn    1.6E-01
1

 Name           wing_sha                 Infeasibilities      1      1.6171E-01

 Status         Optimal Soln             Iteration      4    Superbasics     0

 Objective               (Min)
 RHS
 Ranges
 Bounds

 Section 1 - Constraints

  Number  ...Row.. State  ...Value......  Slack Value...  ..Lower Limit.  ..Upper Limit.  .Dual Variable    ..i

       4  r      1    EQ        20.00000          .             20.00000        20.00000 -61879281.51060      1
       5  r      2 I  BS         0.53829        -0.16171         0.70000           None           .           2
1

 Section 2 - Variables

  Number  .Column. State  ...Value......  .Obj Gradient.  ..Lower Limit.  ..Upper Limit.  .Dual Variable    m+j

       1  x      1    LL         2.00000          .              2.00000        10.00000    1.249034E+09      3
       2  x      2 N  BS        15.38462          .              3.00000        20.00000         0.00023      4
       3  x      3    LL         0.30000          .              0.30000         1.0        3.527082E+09      5

 Time for MPS input                             0.00 seconds
 Time for solving problem                       0.52 seconds
 Time for solution output                       0.00 seconds
 Time for constraint functions                  0.50 seconds
 Time for objective function                    0.00 seconds

         ==============================
         S N O P T  7.7.7    (Feb 2021)
         ==============================
1

 SNMEMB EXIT 100 -- finished successfully
 SNMEMB INFO 104 -- memory requirements estimated

 Trial version of SNOPT -- for evaluation or academic purposes only
1

 Parameters
 ==========

 Files
 -----
 Solution file..........         0       Old basis file ........         0       Standard input.........         5
 Insert file............         0       New basis file ........         0       (Printer)..............         9
 Punch file.............         0       Backup basis file......         0       (Specs file)...........         0
 Load file..............         0       Dump file..............         0       Standard output........         6

 Frequencies
 -----------
 Print frequency........       100       Check frequency........        60       Save new basis map.....       100
 Summary frequency......       100       Factorization frequency        50       Expand frequency.......     10000

 QP subproblems
 --------------
 QPsolver Cholesky......
 Scale tolerance........     0.900       Minor feasibility tol..  1.00E-06       Iteration limit........     10000
 Scale option...........         0       Minor optimality  tol..  5.00E-10       Minor print level......         1
 Crash tolerance........     0.100       Pivot tolerance........  3.25E-11       New superbasics........        99
 Crash option...........         3       Elastic weight.........  1.00E+05

 Partial pricing
 ---------------
 LP Partial price.......         1       Prtl price section ( A)         3       Prtl price section (-I)         2
 QP Partial price.......         1       Prtl price section ( A)         3       Prtl price section (-I)         2

 The SQP Method
 --------------
 Minimize...............                 Cold start.............                 Proximal Point method..         1
 Nonlinear objectiv vars         3       Major optimality tol...  1.00E-09       Function precision.....  3.00E-13
 Unbounded step size....  1.00E+20       Superbasics limit......         3       Difference interval....  5.48E-07
 Unbounded objective....  1.00E+10       Reduced Hessian dim....         3       Central difference int.  6.70E-05
 Major step limit.......  2.50E-01       Derivative linesearch..                 Derivative level.......         3
 Major iterations limit.       100       Linesearch tolerance...   0.90000       Verify level...........         0
 Minor iterations limit.       500       Penalty parameter......  0.00E+00       Major Print Level......         1
 Time limit (secs)...... 9999999.0

 Hessian Approximation
 ---------------------
 Hessian full-memory....                 Hessian updates........  99999999       Hessian frequency......  99999999
                                                                                 Hessian flush..........  99999999

 Nonlinear constraints
 ---------------------
 Nonlinear constraints..         2       Major feasibility tol..  1.00E-09       Violation limit........  1.00E+06
 Nonlinear Jacobian vars         3

 Miscellaneous
 -------------
 LU factor tolerance....      3.99       LU singularity tol.....  3.25E-11       Timing level...........         3
 LU update tolerance....      3.99       LU swap tolerance......  1.22E-04       Debug level............         0
 LU partial  pivoting...                 eps (machine precision)  2.22E-16       System information.....        No
                                                                                 Sticky parameters......        No
1




 Matrix statistics
 -----------------
               Total      Normal        Free       Fixed     Bounded
 Rows              2           1           0           1           0
 Columns           3           0           0           0           3

 No. of matrix elements                    6     Density     100.000
 Biggest  constant element        0.0000E+00  (excluding fixed columns,
 Smallest constant element        0.0000E+00   free rows, and RHS)

 No. of objective coefficients             0

 Nonlinear constraints       2     Linear constraints       0
 Nonlinear variables         3     Linear variables         0
 Jacobian  variables         3     Objective variables      3
 Total constraints           2     Total variables          3
1



 The user has defined       6   out of       6   constraint gradients.
 The user has defined       3   out of       3   objective  gradients.

 Cheap test of user-supplied problem derivatives...

 The constraint gradients seem to be OK.

 -->  The largest discrepancy was    4.70E-07  in constraint     4


 The objective  gradients seem to be OK.

 Gradient projected in one direction  -1.69420119363E-04
 Difference approximation             -1.69420105651E-04
1



   Itns Major Minors    Step   nCon Feasible  Optimal  MeritFunction     L+U BSwap     nS condZHZ Penalty
      2     0      2              1  3.4E-01  2.6E-02  8.4933975E-03       4                              _  r
      2     1      0 4.0E-01      2  1.9E-01  2.4E-02  4.1442262E+00       4                      8.2E-01 _  rl
      3     2      1 6.6E-01      3  6.6E-02  1.8E-02  2.1362236E+00       4            1 2.9E+00 1.0E+00 _sm l
      5     3      2 1.0E+00      4  5.8E-04  2.7E-03  9.6020591E-03       4            2 1.4E+00 1.0E+00 _
      6     4      1 1.0E+00      6  2.2E-05  2.3E-03  8.5251573E-03       4            2 1.9E+00 1.0E+00 _ m
      8     5      2 4.9E-01      9  5.7E-04  1.0E-03  8.4355850E-03       4            1 1.7E+00 1.0E+00 _ m
      9     6      1 1.8E-01     13  8.0E-04  4.8E-04  8.3713665E-03       3            1 1.7E+00 1.0E+00 _ m
     10     7      1 2.1E-01     17  9.4E-04  5.1E-04  8.3030305E-03       3            1 2.1E+02 1.0E+00 _ M
     11     8      1 4.0E-01     20  1.2E-03  4.7E-04  8.2090178E-03       3            1 2.6E+02 1.0E+00 _ M
     12     9      1 4.9E-01     23  1.1E-03  3.4E-04  8.0838488E-03       3                      1.0E+00 _ M
     12    10      0 1.0E+00     25  8.8E-04  8.5E-06  7.9157881E-03       3                      1.0E+00 _ M
     12    11      0 1.0E+00     26 (2.3E-16)(6.3E-19) 7.8203371E-03       3                      1.0E+00 _
1

 SNOPTC EXIT   0 -- finished successfully
 SNOPTC INFO   1 -- optimality conditions satisfied

 Problem name                 wing_sha
 No. of iterations                  12   Objective            7.8203371462E-03
 No. of major iterations            11   Linear    obj. term  0.0000000000E+00
 Penalty parameter           1.035E+00   Nonlinear obj. term  7.8203371462E-03
 User function calls (total)        27
 No. of degenerate steps             0   Percentage                       0.00
 Max x                       2 1.5E+01   Max pi                      1 1.8E-04
 Max Primal infeas           4 3.6E-15   Max Dual infeas             0 0.0E+00
 Nonlinear constraint violn    3.6E-15
1

 Name           wing_sha                 Objective Value      7.8203371462E-03

 Status         Optimal Soln             Iteration     12    Superbasics     0

 Objective               (Min)
 RHS
 Ranges
 Bounds

 Section 1 - Constraints

  Number  ...Row.. State  ...Value......  Slack Value...  ..Lower Limit.  ..Upper Limit.  .Dual Variable    ..i

       4  r      1    EQ        20.00000        -0.00000        20.00000        20.00000        -0.00018      1
       5  r      2    BS         0.53829         0.03829         0.50000           None           .           2
1

 Section 2 - Variables

  Number  .Column. State  ...Value......  .Obj Gradient.  ..Lower Limit.  ..Upper Limit.  .Dual Variable    m+j

       1  x      1    LL         2.00000         0.00176         2.00000        10.00000         0.00354      3
       2  x      2    BS        15.38462        -0.00023         3.00000        20.00000          .           4
       3  x      3    LL         0.30000        -0.00263         0.30000         1.0             0.00010      5

 Time for MPS input                             0.00 seconds
 Time for solving problem                       0.97 seconds
 Time for solution output                       0.00 seconds
 Time for constraint functions                  0.96 seconds
 Time for objective function                    0.00 seconds
