1.493519999999999959e+00 1.084685842841073367e+01 8.726646259971647390e-02 5.000000000000000000e-01
2.162516958460371175e+00 1.087831231028386902e+01 1.546957169772205654e-01 7.176144106310953230e-01
2.154018641481191043e+00 1.088094664336533413e+01 1.587951706967219712e-01 7.066864131781416258e-01
2.153227393041139859e+00 1.088637831023628699e+01 1.587337265557237365e-01 7.064225607440964838e-01
2.149359379567364670e+00 1.091357100308318273e+01 1.584829061631378155e-01 7.052258793021117800e-01
2.130179851919743683e+00 1.104855093271199173e+01 1.572487215665481497e-01 6.993603530420818837e-01
2.038096102505398299e+00 1.170322821801425661e+01 1.515188285858206085e-01 6.723327437344917001e-01
2.000000000000000000e+00 1.210174402479838207e+01 1.491815476179505218e-01 6.513001940650797739e-01
2.000000000000000000e+00 1.256614465882831411e+01 1.465119846120571112e-01 5.892862304384144378e-01
2.000000000000000000e+00 1.480926909350602649e+01 1.350995767625763622e-01 3.078819056296922541e-01
2.000000000000000000e+00 1.538114807984467447e+01 1.371589353345455675e-01 3.000000000000000444e-01
2.000000000000000000e+00 1.538461538461538680e+01 1.371719631161184560e-01 2.999999999999999889e-01
1.493519999999999959e+00 1.084685842841073367e+01 8.726646259971647390e-02 5.000000000000000000e-01
2.162516958460371175e+00 1.087831231028386902e+01 1.546957169772205654e-01 7.176144106310953230e-01
2.154018641481191043e+00 1.088094664336533413e+01 1.587951706967219712e-01 7.066864131781416258e-01
2.153227393041139859e+00 1.088637831023628699e+01 1.587337265557237365e-01 7.064225607440964838e-01
2.149359379567364670e+00 1.091357100308318273e+01 1.584829061631378155e-01 7.052258793021117800e-01
2.130179851919743683e+00 1.104855093271199173e+01 1.572487215665481497e-01 6.993603530420818837e-01
2.038096102505398299e+00 1.170322821801425661e+01 1.515188285858206085e-01 6.723327437344917001e-01
2.000000000000000000e+00 1.210174402479838207e+01 1.491815476179505218e-01 6.513001940650797739e-01
2.000000000000000000e+00 1.256614465882831411e+01 1.465119846120571112e-01 5.892862304384144378e-01
2.000000000000000000e+00 1.480926909350602649e+01 1.350995767625763622e-01 3.078819056296922541e-01
2.000000000000000000e+00 1.538114807984467447e+01 1.371589353345455675e-01 3.000000000000000444e-01
2.000000000000000000e+00 1.538461538461538680e+01 1.371719631161184560e-01 2.999999999999999889e-01
1.493519999999999959e+00 1.084685842841073367e+01 8.726646259971647390e-02 5.000000000000000000e-01
2.162707444900029419e+00 1.087848285706581208e+01 1.482960736359055232e-01 7.174479610763732085e-01
