
 ==============================
 S N O P T  7.7.7    (Feb 2021)
 ==============================

 SNMEMB EXIT 100 -- finished successfully
 SNMEMB INFO 104 -- memory requirements estimated

 Trial version of SNOPT -- for evaluation or academic purposes only



 Nonlinear constraints       2     Linear constraints       0
 Nonlinear variables         3     Linear variables         0
 Jacobian  variables         3     Objective variables      3
 Total constraints           2     Total variables          3



 The user has defined       6   out of       6   constraint gradients.
 The user has defined       3   out of       3   objective  gradients.


 Major Minors     Step   nCon Feasible  Optimal  MeritFunction     nS Penalty
     0      2               1  3.4E-01  1.0E+00  8.4933975E-03                  r i
     1      0  7.4E-04      3  3.4E-01  1.0E+00  1.9181556E+04        2.8E+03   r i
     2      0  1.0E-02      5  3.4E-01  1.0E+00  1.9287003E+04        2.8E+03   r i
     3      1  7.6E-01      6  9.6E-02  9.9E-01  1.8820196E+04      1 2.8E+03 sm li
     4      1  1.0E+00      7  1.1E-02  5.1E-02  1.6511575E+04        2.8E+03     i
     5      0  1.0E+00      8  1.1E-02  2.9E-03  1.6171070E+04        5.3E+01     i
     6      0  1.0E+00      9  1.1E-02 (2.7E-19) 1.6170990E+09        1.1E+01     i

 SNOPTC EXIT  10 -- the problem appears to be infeasible
 SNOPTC INFO  13 -- nonlinear infeasibilities minimized

 Problem name                 wing_sha
 No. of iterations                   4   Objective            7.8203371462E-03
 No. of major iterations             6   Linear    obj. term  0.0000000000E+00
 Penalty parameter           1.086E+01   Nonlinear obj. term  7.8203371462E-03
 No. of infeasibilities              1   Sum of infeas        1.6170990380E-01
 Elastic weight                1.0E+10   Elastic   objective  1.6170990380E+09
 No. of infeas elastics              1   Elastic infeas       1.6170990380E-01
 User function calls (total)        10
 No. of degenerate steps             0   Percentage                       0.00
 Max x                       2 1.5E+01   Max pi                      2 1.0E+10
 Max Primal infeas           5 1.6E-01   Max Dual infeas             2 2.3E-04
 Nonlinear constraint violn    1.6E-01



 Solution printed on file   9

 Time for MPS input                             0.00 seconds
 Time for solving problem                       0.52 seconds
 Time for solution output                       0.00 seconds
 Time for constraint functions                  0.50 seconds
 Time for objective function                    0.00 seconds

 ==============================
 S N O P T  7.7.7    (Feb 2021)
 ==============================

 SNMEMB EXIT 100 -- finished successfully
 SNMEMB INFO 104 -- memory requirements estimated

 Trial version of SNOPT -- for evaluation or academic purposes only



 Nonlinear constraints       2     Linear constraints       0
 Nonlinear variables         3     Linear variables         0
 Jacobian  variables         3     Objective variables      3
 Total constraints           2     Total variables          3



 The user has defined       6   out of       6   constraint gradients.
 The user has defined       3   out of       3   objective  gradients.


 Major Minors     Step   nCon Feasible  Optimal  MeritFunction     nS Penalty
     0      2               1  3.4E-01  2.6E-02  8.4933975E-03                  r
     1      0  4.0E-01      2  1.9E-01  2.4E-02  4.1442262E+00        8.2E-01   rl
     2      1  6.6E-01      3  6.6E-02  1.8E-02  2.1362236E+00      1 1.0E+00 sm l
     3      2  1.0E+00      4  5.8E-04  2.7E-03  9.6020591E-03      2 1.0E+00
     4      1  1.0E+00      6  2.2E-05  2.3E-03  8.5251573E-03      2 1.0E+00  m
     5      2  4.9E-01      9  5.7E-04  1.0E-03  8.4355850E-03      1 1.0E+00  m
     6      1  1.8E-01     13  8.0E-04  4.8E-04  8.3713665E-03      1 1.0E+00  m
     7      1  2.1E-01     17  9.4E-04  5.1E-04  8.3030305E-03      1 1.0E+00  M
     8      1  4.0E-01     20  1.2E-03  4.7E-04  8.2090178E-03      1 1.0E+00  M
     9      1  4.9E-01     23  1.1E-03  3.4E-04  8.0838488E-03        1.0E+00  M

 Major Minors     Step   nCon Feasible  Optimal  MeritFunction     nS Penalty
    10      0  1.0E+00     25  8.8E-04  8.5E-06  7.9157881E-03        1.0E+00  M
    11      0  1.0E+00     26 (2.3E-16)(6.3E-19) 7.8203371E-03        1.0E+00

 SNOPTC EXIT   0 -- finished successfully
 SNOPTC INFO   1 -- optimality conditions satisfied

 Problem name                 wing_sha
 No. of iterations                  12   Objective            7.8203371462E-03
 No. of major iterations            11   Linear    obj. term  0.0000000000E+00
 Penalty parameter           1.035E+00   Nonlinear obj. term  7.8203371462E-03
 User function calls (total)        27
 No. of degenerate steps             0   Percentage                       0.00
 Max x                       2 1.5E+01   Max pi                      1 1.8E-04
 Max Primal infeas           4 3.6E-15   Max Dual infeas             0 0.0E+00
 Nonlinear constraint violn    3.6E-15



 Solution printed on file   9

 Time for MPS input                             0.00 seconds
 Time for solving problem                       0.97 seconds
 Time for solution output                       0.00 seconds
 Time for constraint functions                  0.96 seconds
 Time for objective function                    0.00 seconds
